This is pdfTeX, Version 3.14159265-2.6-1.40.20 (MiKTeX 2.9.7000 64-bit) (preloaded format=pdflatex 2019.4.1)  11 OCT 2019 15:46
entering extended mode
**./08_literatur.tex
(08_literatur.tex
LaTeX2e <2018-12-01>
\bibdata{Literatur}
No file 08_literatur.bbl.
)
! Emergency stop.
<*> ./08_literatur.tex
                      
*** (job aborted, no legal \end found)

 
Here is how much of TeX's memory you used:
 8 strings out of 492945
 280 string characters out of 3126253
 56582 words of memory out of 3000000
 4005 multiletter control sequences out of 15000+200000
 3640 words of font info for 14 fonts, out of 3000000 for 9000
 1141 hyphenation exceptions out of 8191
 5i,0n,3p,74b,17s stack positions out of 5000i,500n,10000p,200000b,50000s
!  ==> Fatal error occurred, no output PDF file produced!
